2018-09-20 16:44:59.841 [main] INFO  o.s.c.a.AnnotationConfigApplicationContext - Refreshing org.springframework.context.annotation.AnnotationConfigApplicationContext@33ecda92: startup date [Thu Sep 20 16:44:59 CST 2018]; root of context hierarchy
2018-09-20 16:45:00.190 [main] INFO  o.s.b.f.a.AutowiredAnnotationBeanPostProcessor - JSR-330 'javax.inject.Inject' annotation found and supported for autowiring
2018-09-20 16:45:00.235 [main] INFO  o.s.c.s.PostProcessorRegistrationDelegate$BeanPostProcessorChecker - Bean 'configurationPropertiesRebinderAutoConfiguration' of type [org.springframework.cloud.autoconfigure.ConfigurationPropertiesRebinderAutoConfiguration$$EnhancerBySpringCGLIB$$6ca2739e] is not eligible for getting processed by all BeanPostProcessors (for example: not eligible for auto-proxying)
2018-09-20 16:45:00.242 [background-preinit] INFO  o.h.validator.internal.util.Version - HV000001: Hibernate Validator 5.3.6.Final
2018-09-20 16:45:01.378 [main] INFO  c.x.m.TestProcessBuilder - No active profile set, falling back to default profiles: default
2018-09-20 16:45:01.395 [main] INFO  o.s.w.c.s.GenericWebApplicationContext - Refreshing org.springframework.web.context.support.GenericWebApplicationContext@7bf9b098: startup date [Thu Sep 20 16:45:01 CST 2018]; parent: org.springframework.context.annotation.AnnotationConfigApplicationContext@33ecda92
2018-09-20 16:45:04.000 [main] INFO  o.s.cloud.context.scope.GenericScope - BeanFactory id=51df3872-e758-3dc6-ad5f-0129ea72e361
2018-09-20 16:45:04.102 [main] INFO  o.s.b.f.a.AutowiredAnnotationBeanPostProcessor - JSR-330 'javax.inject.Inject' annotation found and supported for autowiring
2018-09-20 16:45:04.170 [main] INFO  o.s.c.s.PostProcessorRegistrationDelegate$BeanPostProcessorChecker - Bean 'org.springframework.amqp.rabbit.annotation.RabbitBootstrapConfiguration' of type [org.springframework.amqp.rabbit.annotation.RabbitBootstrapConfiguration$$EnhancerBySpringCGLIB$$16f42ecf] is not eligible for getting processed by all BeanPostProcessors (for example: not eligible for auto-proxying)
2018-09-20 16:45:04.227 [main] INFO  o.s.c.s.PostProcessorRegistrationDelegate$BeanPostProcessorChecker - Bean 'org.springframework.cloud.autoconfigure.ConfigurationPropertiesRebinderAutoConfiguration' of type [org.springframework.cloud.autoconfigure.ConfigurationPropertiesRebinderAutoConfiguration$$EnhancerBySpringCGLIB$$6ca2739e] is not eligible for getting processed by all BeanPostProcessors (for example: not eligible for auto-proxying)
2018-09-20 16:45:04.785 [main] INFO  o.s.w.s.m.m.a.RequestMappingHandlerMapping - Mapped "{[/swagger-resources/configuration/security]}" onto public org.springframework.http.ResponseEntity<springfox.documentation.swagger.web.SecurityConfiguration> springfox.documentation.swagger.web.ApiResourceController.securityConfiguration()
2018-09-20 16:45:04.786 [main] INFO  o.s.w.s.m.m.a.RequestMappingHandlerMapping - Mapped "{[/swagger-resources/configuration/ui]}" onto public org.springframework.http.ResponseEntity<springfox.documentation.swagger.web.UiConfiguration> springfox.documentation.swagger.web.ApiResourceController.uiConfiguration()
2018-09-20 16:45:04.787 [main] INFO  o.s.w.s.m.m.a.RequestMappingHandlerMapping - Mapped "{[/swagger-resources]}" onto public org.springframework.http.ResponseEntity<java.util.List<springfox.documentation.swagger.web.SwaggerResource>> springfox.documentation.swagger.web.ApiResourceController.swaggerResources()
2018-09-20 16:45:04.790 [main] INFO  o.s.w.s.m.m.a.RequestMappingHandlerMapping - Mapped "{[/error]}" onto public org.springframework.http.ResponseEntity<java.util.Map<java.lang.String, java.lang.Object>> org.springframework.boot.autoconfigure.web.BasicErrorController.error(javax.servlet.http.HttpServletRequest)
2018-09-20 16:45:04.791 [main] INFO  o.s.w.s.m.m.a.RequestMappingHandlerMapping - Mapped "{[/error],produces=[text/html]}" onto public org.springframework.web.servlet.ModelAndView org.springframework.boot.autoconfigure.web.BasicErrorController.errorHtml(javax.servlet.http.HttpServletRequest,javax.servlet.http.HttpServletResponse)
2018-09-20 16:45:05.136 [main] INFO  s.d.s.w.PropertySourcedRequestMappingHandlerMapping - Mapped URL path [/v2/api-docs] onto method [public org.springframework.http.ResponseEntity<springfox.documentation.spring.web.json.Json> springfox.documentation.swagger2.web.Swagger2Controller.getDocumentation(java.lang.String,javax.servlet.http.HttpServletRequest)]
2018-09-20 16:45:05.548 [main] WARN  c.n.c.sources.URLConfigurationSource - No URLs will be polled as dynamic configuration sources.
2018-09-20 16:45:05.548 [main] INFO  c.n.c.sources.URLConfigurationSource - To enable URLs as dynamic configuration sources, define System property archaius.configurationSource.additionalUrls or make config.properties available on classpath.
2018-09-20 16:45:05.557 [main] WARN  c.n.c.sources.URLConfigurationSource - No URLs will be polled as dynamic configuration sources.
2018-09-20 16:45:05.558 [main] INFO  c.n.c.sources.URLConfigurationSource - To enable URLs as dynamic configuration sources, define System property archaius.configurationSource.additionalUrls or make config.properties available on classpath.
2018-09-20 16:45:05.824 [main] INFO  o.s.w.s.m.m.a.RequestMappingHandlerAdapter - Looking for @ControllerAdvice: org.springframework.web.context.support.GenericWebApplicationContext@7bf9b098: startup date [Thu Sep 20 16:45:01 CST 2018]; parent: org.springframework.context.annotation.AnnotationConfigApplicationContext@33ecda92
2018-09-20 16:45:05.915 [main] INFO  o.s.w.s.h.SimpleUrlHandlerMapping - Mapped URL path [/webjars/**] onto handler of type [class org.springframework.web.servlet.resource.ResourceHttpRequestHandler]
2018-09-20 16:45:05.916 [main] INFO  o.s.w.s.h.SimpleUrlHandlerMapping - Mapped URL path [/**] onto handler of type [class org.springframework.web.servlet.resource.ResourceHttpRequestHandler]
2018-09-20 16:45:05.944 [main] INFO  o.s.w.s.m.m.a.ExceptionHandlerExceptionResolver - Detected @ExceptionHandler methods in exceptionCatch
2018-09-20 16:45:05.992 [main] INFO  o.s.w.s.h.SimpleUrlHandlerMapping - Mapped URL path [/**/favicon.ico] onto handler of type [class org.springframework.web.servlet.resource.ResourceHttpRequestHandler]
2018-09-20 16:45:06.635 [main] INFO  org.mongodb.driver.cluster - Cluster created with settings {hosts=[anymk.com:27017], mode=SINGLE, requiredClusterType=UNKNOWN, serverSelectionTimeout='30000 ms', maxWaitQueueSize=500}
2018-09-20 16:45:07.154 [cluster-ClusterId{value='5ba35e12e9dee0148fc32a54', description='null'}-anymk.com:27017] INFO  org.mongodb.driver.connection - Opened connection [connectionId{localValue:1, serverValue:1269}] to anymk.com:27017
2018-09-20 16:45:07.180 [cluster-ClusterId{value='5ba35e12e9dee0148fc32a54', description='null'}-anymk.com:27017] INFO  org.mongodb.driver.cluster - Monitor thread successfully connected to server with description ServerDescription{address=anymk.com:27017, type=STANDALONE, state=CONNECTED, ok=true, version=ServerVersion{versionList=[3, 6, 4]}, minWireVersion=0, maxWireVersion=6, maxDocumentSize=16777216, roundTripTimeNanos=24191418}
2018-09-20 16:45:07.299 [main] INFO  o.s.c.s.DefaultLifecycleProcessor - Starting beans in phase 2147483647
2018-09-20 16:45:07.300 [main] INFO  s.d.s.w.p.DocumentationPluginsBootstrapper - Context refreshed
2018-09-20 16:45:07.321 [main] INFO  s.d.s.w.p.DocumentationPluginsBootstrapper - Found 1 custom documentation plugin(s)
2018-09-20 16:45:07.360 [main] INFO  s.d.s.w.s.ApiListingReferenceScanner - Scanning for api listing references
2018-09-20 16:45:07.398 [main] INFO  c.x.m.TestProcessBuilder - Started TestProcessBuilder in 8.426 seconds (JVM running for 9.485)
2018-09-20 16:45:14.042 [Thread-8] INFO  o.s.w.c.s.GenericWebApplicationContext - Closing org.springframework.web.context.support.GenericWebApplicationContext@7bf9b098: startup date [Thu Sep 20 16:45:01 CST 2018]; parent: org.springframework.context.annotation.AnnotationConfigApplicationContext@33ecda92
2018-09-20 16:45:14.045 [Thread-8] INFO  o.s.c.s.DefaultLifecycleProcessor - Stopping beans in phase 2147483647
