2018-09-16 15:45:37.127 [main] INFO  o.s.c.a.AnnotationConfigApplicationContext - Refreshing org.springframework.context.annotation.AnnotationConfigApplicationContext@222eb8aa: startup date [Sun Sep 16 15:45:37 CST 2018]; root of context hierarchy
2018-09-16 15:45:37.349 [background-preinit] INFO  o.h.validator.internal.util.Version - HV000001: Hibernate Validator 5.3.6.Final
2018-09-16 15:45:37.702 [main] INFO  o.s.b.f.a.AutowiredAnnotationBeanPostProcessor - JSR-330 'javax.inject.Inject' annotation found and supported for autowiring
2018-09-16 15:45:37.790 [main] INFO  o.s.c.s.PostProcessorRegistrationDelegate$BeanPostProcessorChecker - Bean 'configurationPropertiesRebinderAutoConfiguration' of type [org.springframework.cloud.autoconfigure.ConfigurationPropertiesRebinderAutoConfiguration$$EnhancerBySpringCGLIB$$db92f8af] is not eligible for getting processed by all BeanPostProcessors (for example: not eligible for auto-proxying)
2018-09-16 15:45:38.561 [main] INFO  c.xuecheng.search.SearchApplication - No active profile set, falling back to default profiles: default
2018-09-16 15:45:38.580 [main] INFO  o.s.b.c.e.AnnotationConfigEmbeddedWebApplicationContext - Refreshing org.springframework.boot.context.embedded.AnnotationConfigEmbeddedWebApplicationContext@2b0b4d53: startup date [Sun Sep 16 15:45:38 CST 2018]; parent: org.springframework.context.annotation.AnnotationConfigApplicationContext@222eb8aa
2018-09-16 15:45:40.275 [main] INFO  o.s.cloud.context.scope.GenericScope - BeanFactory id=6f0ad7f7-6f97-3662-9bf8-f2a7edb7dbbd
2018-09-16 15:45:40.300 [main] INFO  o.s.b.f.a.AutowiredAnnotationBeanPostProcessor - JSR-330 'javax.inject.Inject' annotation found and supported for autowiring
2018-09-16 15:45:40.376 [main] INFO  o.s.c.s.PostProcessorRegistrationDelegate$BeanPostProcessorChecker - Bean 'org.springframework.cloud.autoconfigure.ConfigurationPropertiesRebinderAutoConfiguration' of type [org.springframework.cloud.autoconfigure.ConfigurationPropertiesRebinderAutoConfiguration$$EnhancerBySpringCGLIB$$db92f8af] is not eligible for getting processed by all BeanPostProcessors (for example: not eligible for auto-proxying)
2018-09-16 15:45:40.819 [main] INFO  o.s.b.c.e.t.TomcatEmbeddedServletContainer - Tomcat initialized with port(s): 40100 (http)
2018-09-16 15:45:40.834 [main] INFO  o.a.catalina.core.StandardService - Starting service [Tomcat]
2018-09-16 15:45:40.835 [main] INFO  o.a.catalina.core.StandardEngine - Starting Servlet Engine: Apache Tomcat/8.5.28
2018-09-16 15:45:41.051 [localhost-startStop-1] INFO  o.a.c.c.C.[Tomcat].[localhost].[/] - Initializing Spring embedded WebApplicationContext
2018-09-16 15:45:41.051 [localhost-startStop-1] INFO  o.s.web.context.ContextLoader - Root WebApplicationContext: initialization completed in 2471 ms
2018-09-16 15:45:41.213 [localhost-startStop-1] INFO  o.s.b.w.s.ServletRegistrationBean - Mapping servlet: 'dispatcherServlet' to [/]
2018-09-16 15:45:41.219 [localhost-startStop-1] INFO  o.s.b.w.s.FilterRegistrationBean - Mapping filter: 'characterEncodingFilter' to: [/*]
2018-09-16 15:45:41.220 [localhost-startStop-1] INFO  o.s.b.w.s.FilterRegistrationBean - Mapping filter: 'hiddenHttpMethodFilter' to: [/*]
2018-09-16 15:45:41.220 [localhost-startStop-1] INFO  o.s.b.w.s.FilterRegistrationBean - Mapping filter: 'httpPutFormContentFilter' to: [/*]
2018-09-16 15:45:41.220 [localhost-startStop-1] INFO  o.s.b.w.s.FilterRegistrationBean - Mapping filter: 'requestContextFilter' to: [/*]
2018-09-16 15:45:42.584 [main] INFO  o.s.w.s.m.m.a.RequestMappingHandlerMapping - Mapped "{[/search/course/list/{page}/{size}],methods=[POST]}" onto public com.xuecheng.framework.model.response.QueryResponseResult<com.xuecheng.framework.domain.course.CoursePub> com.xuecheng.search.controller.EsCourseController.list(int,int,com.xuecheng.framework.domain.search.CourseSearchParam)
2018-09-16 15:45:42.589 [main] INFO  o.s.w.s.m.m.a.RequestMappingHandlerMapping - Mapped "{[/swagger-resources/configuration/ui]}" onto public org.springframework.http.ResponseEntity<springfox.documentation.swagger.web.UiConfiguration> springfox.documentation.swagger.web.ApiResourceController.uiConfiguration()
2018-09-16 15:45:42.590 [main] INFO  o.s.w.s.m.m.a.RequestMappingHandlerMapping - Mapped "{[/swagger-resources]}" onto public org.springframework.http.ResponseEntity<java.util.List<springfox.documentation.swagger.web.SwaggerResource>> springfox.documentation.swagger.web.ApiResourceController.swaggerResources()
2018-09-16 15:45:42.591 [main] INFO  o.s.w.s.m.m.a.RequestMappingHandlerMapping - Mapped "{[/swagger-resources/configuration/security]}" onto public org.springframework.http.ResponseEntity<springfox.documentation.swagger.web.SecurityConfiguration> springfox.documentation.swagger.web.ApiResourceController.securityConfiguration()
2018-09-16 15:45:42.597 [main] INFO  o.s.w.s.m.m.a.RequestMappingHandlerMapping - Mapped "{[/error]}" onto public org.springframework.http.ResponseEntity<java.util.Map<java.lang.String, java.lang.Object>> org.springframework.boot.autoconfigure.web.BasicErrorController.error(javax.servlet.http.HttpServletRequest)
2018-09-16 15:45:42.598 [main] INFO  o.s.w.s.m.m.a.RequestMappingHandlerMapping - Mapped "{[/error],produces=[text/html]}" onto public org.springframework.web.servlet.ModelAndView org.springframework.boot.autoconfigure.web.BasicErrorController.errorHtml(javax.servlet.http.HttpServletRequest,javax.servlet.http.HttpServletResponse)
2018-09-16 15:45:42.782 [main] INFO  s.d.s.w.PropertySourcedRequestMappingHandlerMapping - Mapped URL path [/v2/api-docs] onto method [public org.springframework.http.ResponseEntity<springfox.documentation.spring.web.json.Json> springfox.documentation.swagger2.web.Swagger2Controller.getDocumentation(java.lang.String,javax.servlet.http.HttpServletRequest)]
2018-09-16 15:45:42.939 [main] WARN  c.n.c.sources.URLConfigurationSource - No URLs will be polled as dynamic configuration sources.
2018-09-16 15:45:42.939 [main] INFO  c.n.c.sources.URLConfigurationSource - To enable URLs as dynamic configuration sources, define System property archaius.configurationSource.additionalUrls or make config.properties available on classpath.
2018-09-16 15:45:42.946 [main] WARN  c.n.c.sources.URLConfigurationSource - No URLs will be polled as dynamic configuration sources.
2018-09-16 15:45:42.946 [main] INFO  c.n.c.sources.URLConfigurationSource - To enable URLs as dynamic configuration sources, define System property archaius.configurationSource.additionalUrls or make config.properties available on classpath.
2018-09-16 15:45:43.180 [main] INFO  o.s.w.s.m.m.a.RequestMappingHandlerAdapter - Looking for @ControllerAdvice: org.springframework.boot.context.embedded.AnnotationConfigEmbeddedWebApplicationContext@2b0b4d53: startup date [Sun Sep 16 15:45:38 CST 2018]; parent: org.springframework.context.annotation.AnnotationConfigApplicationContext@222eb8aa
2018-09-16 15:45:43.258 [main] INFO  o.s.w.s.h.SimpleUrlHandlerMapping - Mapped URL path [/webjars/**] onto handler of type [class org.springframework.web.servlet.resource.ResourceHttpRequestHandler]
2018-09-16 15:45:43.258 [main] INFO  o.s.w.s.h.SimpleUrlHandlerMapping - Mapped URL path [/**] onto handler of type [class org.springframework.web.servlet.resource.ResourceHttpRequestHandler]
2018-09-16 15:45:43.292 [main] INFO  o.s.w.s.m.m.a.ExceptionHandlerExceptionResolver - Detected @ExceptionHandler methods in exceptionCatch
2018-09-16 15:45:43.338 [main] INFO  o.s.w.s.h.SimpleUrlHandlerMapping - Mapped URL path [/**/favicon.ico] onto handler of type [class org.springframework.web.servlet.resource.ResourceHttpRequestHandler]
2018-09-16 15:45:43.637 [main] INFO  org.mongodb.driver.cluster - Cluster created with settings {hosts=[39.108.88.195:27017], mode=SINGLE, requiredClusterType=UNKNOWN, serverSelectionTimeout='30000 ms', maxWaitQueueSize=500}
2018-09-16 15:45:44.293 [cluster-ClusterId{value='5b9e0a27741cae056a84bf6f', description='null'}-39.108.88.195:27017] INFO  org.mongodb.driver.connection - Opened connection [connectionId{localValue:1, serverValue:1209}] to 39.108.88.195:27017
2018-09-16 15:45:44.317 [cluster-ClusterId{value='5b9e0a27741cae056a84bf6f', description='null'}-39.108.88.195:27017] INFO  org.mongodb.driver.cluster - Monitor thread successfully connected to server with description ServerDescription{address=39.108.88.195:27017, type=STANDALONE, state=CONNECTED, ok=true, version=ServerVersion{versionList=[3, 6, 4]}, minWireVersion=0, maxWireVersion=6, maxDocumentSize=16777216, roundTripTimeNanos=22646407}
2018-09-16 15:45:44.507 [main] INFO  o.s.j.e.a.AnnotationMBeanExporter - Registering beans for JMX exposure on startup
2018-09-16 15:45:44.520 [main] INFO  o.s.j.e.a.AnnotationMBeanExporter - Bean with name 'configurationPropertiesRebinder' has been autodetected for JMX exposure
2018-09-16 15:45:44.520 [main] INFO  o.s.j.e.a.AnnotationMBeanExporter - Bean with name 'environmentManager' has been autodetected for JMX exposure
2018-09-16 15:45:44.521 [main] INFO  o.s.j.e.a.AnnotationMBeanExporter - Bean with name 'refreshScope' has been autodetected for JMX exposure
2018-09-16 15:45:44.525 [main] INFO  o.s.j.e.a.AnnotationMBeanExporter - Located managed bean 'environmentManager': registering with JMX server as MBean [org.springframework.cloud.context.environment:name=environmentManager,type=EnvironmentManager]
2018-09-16 15:45:44.541 [main] INFO  o.s.j.e.a.AnnotationMBeanExporter - Located managed bean 'refreshScope': registering with JMX server as MBean [org.springframework.cloud.context.scope.refresh:name=refreshScope,type=RefreshScope]
2018-09-16 15:45:44.553 [main] INFO  o.s.j.e.a.AnnotationMBeanExporter - Located managed bean 'configurationPropertiesRebinder': registering with JMX server as MBean [org.springframework.cloud.context.properties:name=configurationPropertiesRebinder,context=2b0b4d53,type=ConfigurationPropertiesRebinder]
2018-09-16 15:45:44.630 [main] INFO  o.s.c.s.DefaultLifecycleProcessor - Starting beans in phase 2147483647
2018-09-16 15:45:44.631 [main] INFO  s.d.s.w.p.DocumentationPluginsBootstrapper - Context refreshed
2018-09-16 15:45:44.657 [main] INFO  s.d.s.w.p.DocumentationPluginsBootstrapper - Found 1 custom documentation plugin(s)
2018-09-16 15:45:44.701 [main] INFO  s.d.s.w.s.ApiListingReferenceScanner - Scanning for api listing references
2018-09-16 15:45:44.895 [main] INFO  o.a.coyote.http11.Http11NioProtocol - Initializing ProtocolHandler ["http-nio-40100"]
2018-09-16 15:45:44.901 [main] INFO  o.a.coyote.http11.Http11NioProtocol - Starting ProtocolHandler ["http-nio-40100"]
2018-09-16 15:45:44.920 [main] INFO  o.a.tomcat.util.net.NioSelectorPool - Using a shared selector for servlet write/read
2018-09-16 15:45:44.937 [main] INFO  o.s.b.c.e.t.TomcatEmbeddedServletContainer - Tomcat started on port(s): 40100 (http)
2018-09-16 15:45:44.942 [main] INFO  c.xuecheng.search.SearchApplication - Started SearchApplication in 9.397 seconds (JVM running for 12.44)
2018-09-16 16:30:46.682 [cluster-ClusterId{value='5b9e0a27741cae056a84bf6f', description='null'}-39.108.88.195:27017] INFO  org.mongodb.driver.connection - Opened connection [connectionId{localValue:2, serverValue:1210}] to 39.108.88.195:27017
2018-09-16 18:57:35.495 [cluster-ClusterId{value='5b9e0a27741cae056a84bf6f', description='null'}-39.108.88.195:27017] INFO  org.mongodb.driver.connection - Opened connection [connectionId{localValue:3, serverValue:1211}] to 39.108.88.195:27017
2018-09-16 21:07:31.924 [cluster-ClusterId{value='5b9e0a27741cae056a84bf6f', description='null'}-39.108.88.195:27017] INFO  org.mongodb.driver.connection - Opened connection [connectionId{localValue:4, serverValue:1212}] to 39.108.88.195:27017
2018-09-16 21:17:29.741 [cluster-ClusterId{value='5b9e0a27741cae056a84bf6f', description='null'}-39.108.88.195:27017] INFO  org.mongodb.driver.connection - Opened connection [connectionId{localValue:5, serverValue:1213}] to 39.108.88.195:27017
2018-09-16 21:27:26.284 [cluster-ClusterId{value='5b9e0a27741cae056a84bf6f', description='null'}-39.108.88.195:27017] INFO  org.mongodb.driver.connection - Opened connection [connectionId{localValue:6, serverValue:1214}] to 39.108.88.195:27017
2018-09-16 21:33:15.250 [cluster-ClusterId{value='5b9e0a27741cae056a84bf6f', description='null'}-39.108.88.195:27017] INFO  org.mongodb.driver.connection - Opened connection [connectionId{localValue:7, serverValue:1215}] to 39.108.88.195:27017
2018-09-16 22:39:49.350 [Thread-28] INFO  o.s.b.c.e.AnnotationConfigEmbeddedWebApplicationContext - Closing org.springframework.boot.context.embedded.AnnotationConfigEmbeddedWebApplicationContext@2b0b4d53: startup date [Sun Sep 16 15:45:38 CST 2018]; parent: org.springframework.context.annotation.AnnotationConfigApplicationContext@222eb8aa
2018-09-16 22:39:49.454 [Thread-28] INFO  o.s.c.s.DefaultLifecycleProcessor - Stopping beans in phase 2147483647
2018-09-16 22:39:49.482 [Thread-28] INFO  o.s.j.e.a.AnnotationMBeanExporter - Unregistering JMX-exposed beans on shutdown
2018-09-16 22:39:49.482 [Thread-28] INFO  o.s.j.e.a.AnnotationMBeanExporter - Unregistering JMX-exposed beans
2018-09-16 22:39:52.481 [main] INFO  o.s.c.a.AnnotationConfigApplicationContext - Refreshing org.springframework.context.annotation.AnnotationConfigApplicationContext@222eb8aa: startup date [Sun Sep 16 22:39:52 CST 2018]; root of context hierarchy
2018-09-16 22:39:52.697 [background-preinit] INFO  o.h.validator.internal.util.Version - HV000001: Hibernate Validator 5.3.6.Final
2018-09-16 22:39:52.910 [main] INFO  o.s.b.f.a.AutowiredAnnotationBeanPostProcessor - JSR-330 'javax.inject.Inject' annotation found and supported for autowiring
2018-09-16 22:39:52.998 [main] INFO  o.s.c.s.PostProcessorRegistrationDelegate$BeanPostProcessorChecker - Bean 'configurationPropertiesRebinderAutoConfiguration' of type [org.springframework.cloud.autoconfigure.ConfigurationPropertiesRebinderAutoConfiguration$$EnhancerBySpringCGLIB$$e5bec521] is not eligible for getting processed by all BeanPostProcessors (for example: not eligible for auto-proxying)
2018-09-16 22:39:53.686 [main] INFO  c.xuecheng.search.SearchApplication - No active profile set, falling back to default profiles: default
2018-09-16 22:39:53.740 [main] INFO  o.s.b.c.e.AnnotationConfigEmbeddedWebApplicationContext - Refreshing org.springframework.boot.context.embedded.AnnotationConfigEmbeddedWebApplicationContext@476ec9d0: startup date [Sun Sep 16 22:39:53 CST 2018]; parent: org.springframework.context.annotation.AnnotationConfigApplicationContext@222eb8aa
2018-09-16 22:39:55.323 [main] INFO  o.s.cloud.context.scope.GenericScope - BeanFactory id=6f0ad7f7-6f97-3662-9bf8-f2a7edb7dbbd
2018-09-16 22:39:55.354 [main] INFO  o.s.b.f.a.AutowiredAnnotationBeanPostProcessor - JSR-330 'javax.inject.Inject' annotation found and supported for autowiring
2018-09-16 22:39:55.554 [main] INFO  o.s.c.s.PostProcessorRegistrationDelegate$BeanPostProcessorChecker - Bean 'org.springframework.cloud.autoconfigure.ConfigurationPropertiesRebinderAutoConfiguration' of type [org.springframework.cloud.autoconfigure.ConfigurationPropertiesRebinderAutoConfiguration$$EnhancerBySpringCGLIB$$e5bec521] is not eligible for getting processed by all BeanPostProcessors (for example: not eligible for auto-proxying)
2018-09-16 22:39:56.118 [main] INFO  o.s.b.c.e.t.TomcatEmbeddedServletContainer - Tomcat initialized with port(s): 40100 (http)
2018-09-16 22:39:56.135 [main] INFO  o.a.catalina.core.StandardService - Starting service [Tomcat]
2018-09-16 22:39:56.136 [main] INFO  o.a.catalina.core.StandardEngine - Starting Servlet Engine: Apache Tomcat/8.5.28
2018-09-16 22:39:56.378 [localhost-startStop-1] INFO  o.a.c.c.C.[Tomcat].[localhost].[/] - Initializing Spring embedded WebApplicationContext
2018-09-16 22:39:56.379 [localhost-startStop-1] INFO  o.s.web.context.ContextLoader - Root WebApplicationContext: initialization completed in 2638 ms
2018-09-16 22:39:56.555 [localhost-startStop-1] INFO  o.s.b.w.s.ServletRegistrationBean - Mapping servlet: 'dispatcherServlet' to [/]
2018-09-16 22:39:56.564 [localhost-startStop-1] INFO  o.s.b.w.s.FilterRegistrationBean - Mapping filter: 'characterEncodingFilter' to: [/*]
2018-09-16 22:39:56.565 [localhost-startStop-1] INFO  o.s.b.w.s.FilterRegistrationBean - Mapping filter: 'hiddenHttpMethodFilter' to: [/*]
2018-09-16 22:39:56.565 [localhost-startStop-1] INFO  o.s.b.w.s.FilterRegistrationBean - Mapping filter: 'httpPutFormContentFilter' to: [/*]
2018-09-16 22:39:56.566 [localhost-startStop-1] INFO  o.s.b.w.s.FilterRegistrationBean - Mapping filter: 'requestContextFilter' to: [/*]
2018-09-16 22:39:57.773 [main] INFO  o.s.w.s.m.m.a.RequestMappingHandlerMapping - Mapped "{[/search/course/list/{page}/{size}],methods=[GET]}" onto public com.xuecheng.framework.model.response.QueryResponseResult<com.xuecheng.framework.domain.course.CoursePub> com.xuecheng.search.controller.EsCourseController.list(int,int,com.xuecheng.framework.domain.search.CourseSearchParam)
2018-09-16 22:39:57.778 [main] INFO  o.s.w.s.m.m.a.RequestMappingHandlerMapping - Mapped "{[/swagger-resources/configuration/ui]}" onto public org.springframework.http.ResponseEntity<springfox.documentation.swagger.web.UiConfiguration> springfox.documentation.swagger.web.ApiResourceController.uiConfiguration()
2018-09-16 22:39:57.778 [main] INFO  o.s.w.s.m.m.a.RequestMappingHandlerMapping - Mapped "{[/swagger-resources]}" onto public org.springframework.http.ResponseEntity<java.util.List<springfox.documentation.swagger.web.SwaggerResource>> springfox.documentation.swagger.web.ApiResourceController.swaggerResources()
2018-09-16 22:39:57.779 [main] INFO  o.s.w.s.m.m.a.RequestMappingHandlerMapping - Mapped "{[/swagger-resources/configuration/security]}" onto public org.springframework.http.ResponseEntity<springfox.documentation.swagger.web.SecurityConfiguration> springfox.documentation.swagger.web.ApiResourceController.securityConfiguration()
2018-09-16 22:39:57.783 [main] INFO  o.s.w.s.m.m.a.RequestMappingHandlerMapping - Mapped "{[/error]}" onto public org.springframework.http.ResponseEntity<java.util.Map<java.lang.String, java.lang.Object>> org.springframework.boot.autoconfigure.web.BasicErrorController.error(javax.servlet.http.HttpServletRequest)
2018-09-16 22:39:57.784 [main] INFO  o.s.w.s.m.m.a.RequestMappingHandlerMapping - Mapped "{[/error],produces=[text/html]}" onto public org.springframework.web.servlet.ModelAndView org.springframework.boot.autoconfigure.web.BasicErrorController.errorHtml(javax.servlet.http.HttpServletRequest,javax.servlet.http.HttpServletResponse)
2018-09-16 22:39:57.929 [main] INFO  s.d.s.w.PropertySourcedRequestMappingHandlerMapping - Mapped URL path [/v2/api-docs] onto method [public org.springframework.http.ResponseEntity<springfox.documentation.spring.web.json.Json> springfox.documentation.swagger2.web.Swagger2Controller.getDocumentation(java.lang.String,javax.servlet.http.HttpServletRequest)]
2018-09-16 22:39:58.058 [main] WARN  c.n.c.sources.URLConfigurationSource - No URLs will be polled as dynamic configuration sources.
2018-09-16 22:39:58.058 [main] INFO  c.n.c.sources.URLConfigurationSource - To enable URLs as dynamic configuration sources, define System property archaius.configurationSource.additionalUrls or make config.properties available on classpath.
2018-09-16 22:39:58.064 [main] WARN  c.n.c.sources.URLConfigurationSource - No URLs will be polled as dynamic configuration sources.
2018-09-16 22:39:58.064 [main] INFO  c.n.c.sources.URLConfigurationSource - To enable URLs as dynamic configuration sources, define System property archaius.configurationSource.additionalUrls or make config.properties available on classpath.
2018-09-16 22:39:58.213 [main] INFO  o.s.w.s.m.m.a.RequestMappingHandlerAdapter - Looking for @ControllerAdvice: org.springframework.boot.context.embedded.AnnotationConfigEmbeddedWebApplicationContext@476ec9d0: startup date [Sun Sep 16 22:39:53 CST 2018]; parent: org.springframework.context.annotation.AnnotationConfigApplicationContext@222eb8aa
2018-09-16 22:39:58.281 [main] INFO  o.s.w.s.h.SimpleUrlHandlerMapping - Mapped URL path [/webjars/**] onto handler of type [class org.springframework.web.servlet.resource.ResourceHttpRequestHandler]
2018-09-16 22:39:58.281 [main] INFO  o.s.w.s.h.SimpleUrlHandlerMapping - Mapped URL path [/**] onto handler of type [class org.springframework.web.servlet.resource.ResourceHttpRequestHandler]
2018-09-16 22:39:58.306 [main] INFO  o.s.w.s.m.m.a.ExceptionHandlerExceptionResolver - Detected @ExceptionHandler methods in exceptionCatch
2018-09-16 22:39:58.340 [main] INFO  o.s.w.s.h.SimpleUrlHandlerMapping - Mapped URL path [/**/favicon.ico] onto handler of type [class org.springframework.web.servlet.resource.ResourceHttpRequestHandler]
2018-09-16 22:39:58.586 [main] INFO  org.mongodb.driver.cluster - Cluster created with settings {hosts=[39.108.88.195:27017], mode=SINGLE, requiredClusterType=UNKNOWN, serverSelectionTimeout='30000 ms', maxWaitQueueSize=500}
2018-09-16 22:39:58.779 [cluster-ClusterId{value='5b9e6b3e741cae13a00f3a6a', description='null'}-39.108.88.195:27017] INFO  org.mongodb.driver.connection - Opened connection [connectionId{localValue:1, serverValue:1216}] to 39.108.88.195:27017
2018-09-16 22:39:58.804 [cluster-ClusterId{value='5b9e6b3e741cae13a00f3a6a', description='null'}-39.108.88.195:27017] INFO  org.mongodb.driver.cluster - Monitor thread successfully connected to server with description ServerDescription{address=39.108.88.195:27017, type=STANDALONE, state=CONNECTED, ok=true, version=ServerVersion{versionList=[3, 6, 4]}, minWireVersion=0, maxWireVersion=6, maxDocumentSize=16777216, roundTripTimeNanos=24432643}
2018-09-16 22:39:59.222 [main] INFO  o.s.j.e.a.AnnotationMBeanExporter - Registering beans for JMX exposure on startup
2018-09-16 22:39:59.233 [main] INFO  o.s.j.e.a.AnnotationMBeanExporter - Bean with name 'configurationPropertiesRebinder' has been autodetected for JMX exposure
2018-09-16 22:39:59.233 [main] INFO  o.s.j.e.a.AnnotationMBeanExporter - Bean with name 'environmentManager' has been autodetected for JMX exposure
2018-09-16 22:39:59.234 [main] INFO  o.s.j.e.a.AnnotationMBeanExporter - Bean with name 'refreshScope' has been autodetected for JMX exposure
2018-09-16 22:39:59.236 [main] INFO  o.s.j.e.a.AnnotationMBeanExporter - Located managed bean 'environmentManager': registering with JMX server as MBean [org.springframework.cloud.context.environment:name=environmentManager,type=EnvironmentManager]
2018-09-16 22:39:59.249 [main] INFO  o.s.j.e.a.AnnotationMBeanExporter - Located managed bean 'refreshScope': registering with JMX server as MBean [org.springframework.cloud.context.scope.refresh:name=refreshScope,type=RefreshScope]
2018-09-16 22:39:59.261 [main] INFO  o.s.j.e.a.AnnotationMBeanExporter - Located managed bean 'configurationPropertiesRebinder': registering with JMX server as MBean [org.springframework.cloud.context.properties:name=configurationPropertiesRebinder,context=476ec9d0,type=ConfigurationPropertiesRebinder]
2018-09-16 22:39:59.324 [main] INFO  o.s.c.s.DefaultLifecycleProcessor - Starting beans in phase 2147483647
2018-09-16 22:39:59.324 [main] INFO  s.d.s.w.p.DocumentationPluginsBootstrapper - Context refreshed
2018-09-16 22:39:59.337 [main] INFO  s.d.s.w.p.DocumentationPluginsBootstrapper - Found 1 custom documentation plugin(s)
2018-09-16 22:39:59.379 [main] INFO  s.d.s.w.s.ApiListingReferenceScanner - Scanning for api listing references
2018-09-16 22:39:59.582 [main] INFO  o.a.coyote.http11.Http11NioProtocol - Initializing ProtocolHandler ["http-nio-40100"]
2018-09-16 22:39:59.593 [main] INFO  o.a.coyote.http11.Http11NioProtocol - Starting ProtocolHandler ["http-nio-40100"]
2018-09-16 22:39:59.618 [main] INFO  o.a.tomcat.util.net.NioSelectorPool - Using a shared selector for servlet write/read
2018-09-16 22:39:59.638 [main] INFO  o.s.b.c.e.t.TomcatEmbeddedServletContainer - Tomcat started on port(s): 40100 (http)
2018-09-16 22:39:59.646 [main] INFO  c.xuecheng.search.SearchApplication - Started SearchApplication in 7.709 seconds (JVM running for 8.98)
2018-09-16 22:40:30.107 [http-nio-40100-exec-1] INFO  o.a.c.c.C.[Tomcat].[localhost].[/] - Initializing Spring FrameworkServlet 'dispatcherServlet'
2018-09-16 22:40:30.107 [http-nio-40100-exec-1] INFO  o.s.web.servlet.DispatcherServlet - FrameworkServlet 'dispatcherServlet': initialization started
2018-09-16 22:40:30.130 [http-nio-40100-exec-1] INFO  o.s.web.servlet.DispatcherServlet - FrameworkServlet 'dispatcherServlet': initialization completed in 22 ms
2018-09-16 22:40:40.023 [http-nio-40100-exec-2] ERROR c.x.search.service.EsCourseService - search error:Connection refused
2018-09-16 22:54:34.442 [Thread-25] INFO  o.s.b.c.e.AnnotationConfigEmbeddedWebApplicationContext - Closing org.springframework.boot.context.embedded.AnnotationConfigEmbeddedWebApplicationContext@476ec9d0: startup date [Sun Sep 16 22:39:53 CST 2018]; parent: org.springframework.context.annotation.AnnotationConfigApplicationContext@222eb8aa
2018-09-16 22:54:34.468 [Thread-25] INFO  o.s.c.s.DefaultLifecycleProcessor - Stopping beans in phase 2147483647
2018-09-16 22:54:34.482 [Thread-25] INFO  o.s.j.e.a.AnnotationMBeanExporter - Unregistering JMX-exposed beans on shutdown
2018-09-16 22:54:34.483 [Thread-25] INFO  o.s.j.e.a.AnnotationMBeanExporter - Unregistering JMX-exposed beans
2018-09-16 22:54:42.650 [main] INFO  o.s.c.a.AnnotationConfigApplicationContext - Refreshing org.springframework.context.annotation.AnnotationConfigApplicationContext@222eb8aa: startup date [Sun Sep 16 22:54:42 CST 2018]; root of context hierarchy
2018-09-16 22:54:42.849 [background-preinit] INFO  o.h.validator.internal.util.Version - HV000001: Hibernate Validator 5.3.6.Final
2018-09-16 22:54:43.036 [main] INFO  o.s.b.f.a.AutowiredAnnotationBeanPostProcessor - JSR-330 'javax.inject.Inject' annotation found and supported for autowiring
2018-09-16 22:54:43.106 [main] INFO  o.s.c.s.PostProcessorRegistrationDelegate$BeanPostProcessorChecker - Bean 'configurationPropertiesRebinderAutoConfiguration' of type [org.springframework.cloud.autoconfigure.ConfigurationPropertiesRebinderAutoConfiguration$$EnhancerBySpringCGLIB$$293067e5] is not eligible for getting processed by all BeanPostProcessors (for example: not eligible for auto-proxying)
2018-09-16 22:54:43.679 [main] INFO  c.xuecheng.search.SearchApplication - No active profile set, falling back to default profiles: default
2018-09-16 22:54:43.693 [main] INFO  o.s.b.c.e.AnnotationConfigEmbeddedWebApplicationContext - Refreshing org.springframework.boot.context.embedded.AnnotationConfigEmbeddedWebApplicationContext@3c017078: startup date [Sun Sep 16 22:54:43 CST 2018]; parent: org.springframework.context.annotation.AnnotationConfigApplicationContext@222eb8aa
2018-09-16 22:54:45.100 [main] INFO  o.s.cloud.context.scope.GenericScope - BeanFactory id=6f0ad7f7-6f97-3662-9bf8-f2a7edb7dbbd
2018-09-16 22:54:45.125 [main] INFO  o.s.b.f.a.AutowiredAnnotationBeanPostProcessor - JSR-330 'javax.inject.Inject' annotation found and supported for autowiring
2018-09-16 22:54:45.216 [main] INFO  o.s.c.s.PostProcessorRegistrationDelegate$BeanPostProcessorChecker - Bean 'org.springframework.cloud.autoconfigure.ConfigurationPropertiesRebinderAutoConfiguration' of type [org.springframework.cloud.autoconfigure.ConfigurationPropertiesRebinderAutoConfiguration$$EnhancerBySpringCGLIB$$293067e5] is not eligible for getting processed by all BeanPostProcessors (for example: not eligible for auto-proxying)
2018-09-16 22:54:45.649 [main] INFO  o.s.b.c.e.t.TomcatEmbeddedServletContainer - Tomcat initialized with port(s): 40100 (http)
2018-09-16 22:54:45.661 [main] INFO  o.a.catalina.core.StandardService - Starting service [Tomcat]
2018-09-16 22:54:45.663 [main] INFO  o.a.catalina.core.StandardEngine - Starting Servlet Engine: Apache Tomcat/8.5.28
2018-09-16 22:54:45.853 [localhost-startStop-1] INFO  o.a.c.c.C.[Tomcat].[localhost].[/] - Initializing Spring embedded WebApplicationContext
2018-09-16 22:54:45.853 [localhost-startStop-1] INFO  o.s.web.context.ContextLoader - Root WebApplicationContext: initialization completed in 2160 ms
2018-09-16 22:54:46.008 [localhost-startStop-1] INFO  o.s.b.w.s.ServletRegistrationBean - Mapping servlet: 'dispatcherServlet' to [/]
2018-09-16 22:54:46.013 [localhost-startStop-1] INFO  o.s.b.w.s.FilterRegistrationBean - Mapping filter: 'characterEncodingFilter' to: [/*]
2018-09-16 22:54:46.014 [localhost-startStop-1] INFO  o.s.b.w.s.FilterRegistrationBean - Mapping filter: 'hiddenHttpMethodFilter' to: [/*]
2018-09-16 22:54:46.014 [localhost-startStop-1] INFO  o.s.b.w.s.FilterRegistrationBean - Mapping filter: 'httpPutFormContentFilter' to: [/*]
2018-09-16 22:54:46.014 [localhost-startStop-1] INFO  o.s.b.w.s.FilterRegistrationBean - Mapping filter: 'requestContextFilter' to: [/*]
2018-09-16 22:54:47.196 [main] INFO  o.s.w.s.m.m.a.RequestMappingHandlerMapping - Mapped "{[/search/course/list/{page}/{size}],methods=[GET]}" onto public com.xuecheng.framework.model.response.QueryResponseResult<com.xuecheng.framework.domain.course.CoursePub> com.xuecheng.search.controller.EsCourseController.list(int,int,com.xuecheng.framework.domain.search.CourseSearchParam)
2018-09-16 22:54:47.201 [main] INFO  o.s.w.s.m.m.a.RequestMappingHandlerMapping - Mapped "{[/swagger-resources/configuration/ui]}" onto public org.springframework.http.ResponseEntity<springfox.documentation.swagger.web.UiConfiguration> springfox.documentation.swagger.web.ApiResourceController.uiConfiguration()
2018-09-16 22:54:47.201 [main] INFO  o.s.w.s.m.m.a.RequestMappingHandlerMapping - Mapped "{[/swagger-resources]}" onto public org.springframework.http.ResponseEntity<java.util.List<springfox.documentation.swagger.web.SwaggerResource>> springfox.documentation.swagger.web.ApiResourceController.swaggerResources()
2018-09-16 22:54:47.202 [main] INFO  o.s.w.s.m.m.a.RequestMappingHandlerMapping - Mapped "{[/swagger-resources/configuration/security]}" onto public org.springframework.http.ResponseEntity<springfox.documentation.swagger.web.SecurityConfiguration> springfox.documentation.swagger.web.ApiResourceController.securityConfiguration()
2018-09-16 22:54:47.206 [main] INFO  o.s.w.s.m.m.a.RequestMappingHandlerMapping - Mapped "{[/error]}" onto public org.springframework.http.ResponseEntity<java.util.Map<java.lang.String, java.lang.Object>> org.springframework.boot.autoconfigure.web.BasicErrorController.error(javax.servlet.http.HttpServletRequest)
2018-09-16 22:54:47.206 [main] INFO  o.s.w.s.m.m.a.RequestMappingHandlerMapping - Mapped "{[/error],produces=[text/html]}" onto public org.springframework.web.servlet.ModelAndView org.springframework.boot.autoconfigure.web.BasicErrorController.errorHtml(javax.servlet.http.HttpServletRequest,javax.servlet.http.HttpServletResponse)
2018-09-16 22:54:47.371 [main] INFO  s.d.s.w.PropertySourcedRequestMappingHandlerMapping - Mapped URL path [/v2/api-docs] onto method [public org.springframework.http.ResponseEntity<springfox.documentation.spring.web.json.Json> springfox.documentation.swagger2.web.Swagger2Controller.getDocumentation(java.lang.String,javax.servlet.http.HttpServletRequest)]
2018-09-16 22:54:47.519 [main] WARN  c.n.c.sources.URLConfigurationSource - No URLs will be polled as dynamic configuration sources.
2018-09-16 22:54:47.519 [main] INFO  c.n.c.sources.URLConfigurationSource - To enable URLs as dynamic configuration sources, define System property archaius.configurationSource.additionalUrls or make config.properties available on classpath.
2018-09-16 22:54:47.525 [main] WARN  c.n.c.sources.URLConfigurationSource - No URLs will be polled as dynamic configuration sources.
2018-09-16 22:54:47.526 [main] INFO  c.n.c.sources.URLConfigurationSource - To enable URLs as dynamic configuration sources, define System property archaius.configurationSource.additionalUrls or make config.properties available on classpath.
2018-09-16 22:54:47.712 [main] INFO  o.s.w.s.m.m.a.RequestMappingHandlerAdapter - Looking for @ControllerAdvice: org.springframework.boot.context.embedded.AnnotationConfigEmbeddedWebApplicationContext@3c017078: startup date [Sun Sep 16 22:54:43 CST 2018]; parent: org.springframework.context.annotation.AnnotationConfigApplicationContext@222eb8aa
2018-09-16 22:54:47.811 [main] INFO  o.s.w.s.h.SimpleUrlHandlerMapping - Mapped URL path [/webjars/**] onto handler of type [class org.springframework.web.servlet.resource.ResourceHttpRequestHandler]
2018-09-16 22:54:47.811 [main] INFO  o.s.w.s.h.SimpleUrlHandlerMapping - Mapped URL path [/**] onto handler of type [class org.springframework.web.servlet.resource.ResourceHttpRequestHandler]
2018-09-16 22:54:47.853 [main] INFO  o.s.w.s.m.m.a.ExceptionHandlerExceptionResolver - Detected @ExceptionHandler methods in exceptionCatch
2018-09-16 22:54:47.894 [main] INFO  o.s.w.s.h.SimpleUrlHandlerMapping - Mapped URL path [/**/favicon.ico] onto handler of type [class org.springframework.web.servlet.resource.ResourceHttpRequestHandler]
2018-09-16 22:54:48.208 [main] INFO  org.mongodb.driver.cluster - Cluster created with settings {hosts=[39.108.88.195:27017], mode=SINGLE, requiredClusterType=UNKNOWN, serverSelectionTimeout='30000 ms', maxWaitQueueSize=500}
2018-09-16 22:54:48.374 [cluster-ClusterId{value='5b9e6eb8741cae145e7daa4e', description='null'}-39.108.88.195:27017] INFO  org.mongodb.driver.connection - Opened connection [connectionId{localValue:1, serverValue:1217}] to 39.108.88.195:27017
2018-09-16 22:54:48.404 [cluster-ClusterId{value='5b9e6eb8741cae145e7daa4e', description='null'}-39.108.88.195:27017] INFO  org.mongodb.driver.cluster - Monitor thread successfully connected to server with description ServerDescription{address=39.108.88.195:27017, type=STANDALONE, state=CONNECTED, ok=true, version=ServerVersion{versionList=[3, 6, 4]}, minWireVersion=0, maxWireVersion=6, maxDocumentSize=16777216, roundTripTimeNanos=28227800}
2018-09-16 22:54:49.002 [main] INFO  o.s.j.e.a.AnnotationMBeanExporter - Registering beans for JMX exposure on startup
2018-09-16 22:54:49.014 [main] INFO  o.s.j.e.a.AnnotationMBeanExporter - Bean with name 'configurationPropertiesRebinder' has been autodetected for JMX exposure
2018-09-16 22:54:49.014 [main] INFO  o.s.j.e.a.AnnotationMBeanExporter - Bean with name 'environmentManager' has been autodetected for JMX exposure
2018-09-16 22:54:49.015 [main] INFO  o.s.j.e.a.AnnotationMBeanExporter - Bean with name 'refreshScope' has been autodetected for JMX exposure
2018-09-16 22:54:49.017 [main] INFO  o.s.j.e.a.AnnotationMBeanExporter - Located managed bean 'environmentManager': registering with JMX server as MBean [org.springframework.cloud.context.environment:name=environmentManager,type=EnvironmentManager]
2018-09-16 22:54:49.035 [main] INFO  o.s.j.e.a.AnnotationMBeanExporter - Located managed bean 'refreshScope': registering with JMX server as MBean [org.springframework.cloud.context.scope.refresh:name=refreshScope,type=RefreshScope]
2018-09-16 22:54:49.050 [main] INFO  o.s.j.e.a.AnnotationMBeanExporter - Located managed bean 'configurationPropertiesRebinder': registering with JMX server as MBean [org.springframework.cloud.context.properties:name=configurationPropertiesRebinder,context=3c017078,type=ConfigurationPropertiesRebinder]
2018-09-16 22:54:49.145 [main] INFO  o.s.c.s.DefaultLifecycleProcessor - Starting beans in phase 2147483647
2018-09-16 22:54:49.145 [main] INFO  s.d.s.w.p.DocumentationPluginsBootstrapper - Context refreshed
2018-09-16 22:54:49.162 [main] INFO  s.d.s.w.p.DocumentationPluginsBootstrapper - Found 1 custom documentation plugin(s)
2018-09-16 22:54:49.216 [main] INFO  s.d.s.w.s.ApiListingReferenceScanner - Scanning for api listing references
2018-09-16 22:54:49.447 [main] INFO  o.a.coyote.http11.Http11NioProtocol - Initializing ProtocolHandler ["http-nio-40100"]
2018-09-16 22:54:49.453 [main] INFO  o.a.coyote.http11.Http11NioProtocol - Starting ProtocolHandler ["http-nio-40100"]
2018-09-16 22:54:49.476 [main] INFO  o.a.tomcat.util.net.NioSelectorPool - Using a shared selector for servlet write/read
2018-09-16 22:54:49.513 [main] INFO  o.s.b.c.e.t.TomcatEmbeddedServletContainer - Tomcat started on port(s): 40100 (http)
2018-09-16 22:54:49.518 [main] INFO  c.xuecheng.search.SearchApplication - Started SearchApplication in 7.696 seconds (JVM running for 9.017)
2018-09-16 22:55:24.513 [http-nio-40100-exec-1] INFO  o.a.c.c.C.[Tomcat].[localhost].[/] - Initializing Spring FrameworkServlet 'dispatcherServlet'
2018-09-16 22:55:24.514 [http-nio-40100-exec-1] INFO  o.s.web.servlet.DispatcherServlet - FrameworkServlet 'dispatcherServlet': initialization started
2018-09-16 22:55:24.534 [http-nio-40100-exec-1] INFO  o.s.web.servlet.DispatcherServlet - FrameworkServlet 'dispatcherServlet': initialization completed in 20 ms
